[2024-04-08T13:38:01.389+0000] {taskinstance.py:1979} INFO - Dependencies all met for dep_context=non-requeueable deps ti=<TaskInstance: etl.process manual__2024-04-08T13:37:56.322634+00:00 [queued]>
[2024-04-08T13:38:01.396+0000] {taskinstance.py:1979} INFO - Dependencies all met for dep_context=requeueable deps ti=<TaskInstance: etl.process manual__2024-04-08T13:37:56.322634+00:00 [queued]>
[2024-04-08T13:38:01.396+0000] {taskinstance.py:2193} INFO - Starting attempt 1 of 1
[2024-04-08T13:38:01.411+0000] {taskinstance.py:2217} INFO - Executing <Task(PythonOperator): process> on 2024-04-08 13:37:56.322634+00:00
[2024-04-08T13:38:01.418+0000] {standard_task_runner.py:60} INFO - Started process 218989 to run task
[2024-04-08T13:38:01.421+0000] {standard_task_runner.py:87} INFO - Running: ['***', 'tasks', 'run', 'etl', 'process', 'manual__2024-04-08T13:37:56.322634+00:00', '--job-id', '71', '--raw', '--subdir', 'DAGS_FOLDER/etl.py', '--cfg-path', '/tmp/tmp2ha83elt']
[2024-04-08T13:38:01.423+0000] {standard_task_runner.py:88} INFO - Job 71: Subtask process
[2024-04-08T13:38:01.463+0000] {task_command.py:423} INFO - Running <TaskInstance: etl.process manual__2024-04-08T13:37:56.322634+00:00 [running]> on host 8056db226622
[2024-04-08T13:38:01.597+0000] {taskinstance.py:2513} INFO - Exporting env vars: AIRFLOW_CTX_DAG_OWNER='***' AIRFLOW_CTX_DAG_ID='etl' AIRFLOW_CTX_TASK_ID='process' AIRFLOW_CTX_EXECUTION_DATE='2024-04-08T13:37:56.322634+00:00' AIRFLOW_CTX_TRY_NUMBER='1' AIRFLOW_CTX_DAG_RUN_ID='manual__2024-04-08T13:37:56.322634+00:00'
[2024-04-08T13:38:01.615+0000] {base.py:83} INFO - Using connection ID 'my_postgres_conn' for task execution.
[2024-04-08T13:38:01.634+0000] {logging_mixin.py:188} INFO - 23487963576 WatchEvent 44167236 evilgaoshu 6296790 spring-projects/spring-boot 2022-08-17T15:52:40Z
[2024-04-08T13:38:01.636+0000] {logging_mixin.py:188} INFO - 23487963624 CreateEvent 111333037 gurram47 525860969 gurram47/AP20110010620-CS306-L 2022-08-17T15:52:40Z
[2024-04-08T13:38:01.637+0000] {logging_mixin.py:188} INFO - 23487963529 PushEvent 65502770 afbeltranr 350706029 afbeltranr/Agrilab2 2022-08-17T15:52:40Z
[2024-04-08T13:38:01.638+0000] {logging_mixin.py:188} INFO - 23487963558 IssueCommentEvent 99458559 karla-vm 226399669 CMSgov/cms-carts-seds 2022-08-17T15:52:40Z https://api.github.com/repos/CMSgov/cms-carts-seds/issues/3650
[2024-04-08T13:38:01.639+0000] {logging_mixin.py:188} INFO - 23487963581 PullRequestEvent 3787410 hsluoyz 521980272 casdoor/casdoor-chrome-extension 2022-08-17T15:52:40Z
[2024-04-08T13:38:01.640+0000] {logging_mixin.py:188} INFO - 23487963532 PushEvent 11596368 mnw1020 438998478 mnw1020/obsidian 2022-08-17T15:52:40Z
[2024-04-08T13:38:01.641+0000] {logging_mixin.py:188} INFO - 23487963524 PushEvent 82401504 ikjo93 525362201 ikjo93/Data-Structure 2022-08-17T15:52:40Z
[2024-04-08T13:38:01.642+0000] {logging_mixin.py:188} INFO - 23487963526 PushEvent 60316309 Gabe616 500139646 Gabe616/ObbyCreatorMusicList 2022-08-17T15:52:40Z
[2024-04-08T13:38:01.642+0000] {logging_mixin.py:188} INFO - 23487963492 PushEvent 37953029 BadProfessor 268298723 BadProfessor/INL 2022-08-17T15:52:40Z
[2024-04-08T13:38:01.643+0000] {logging_mixin.py:188} INFO - 23487963504 DeleteEvent 28701858 allanrg4 399546191 ALMA-FUNDEGUA/vacunasgt 2022-08-17T15:52:40Z
[2024-04-08T13:38:01.644+0000] {logging_mixin.py:188} INFO - 23487963536 PullRequestReviewEvent 22668539 QGarchery 512700417 morpho-dao/morpho-utils 2022-08-17T15:52:40Z
[2024-04-08T13:38:01.645+0000] {logging_mixin.py:188} INFO - 23487963495 CreateEvent 111433069 Diyouf 525860287 Diyouf/newpage.github.io 2022-08-17T15:52:40Z
[2024-04-08T13:38:01.646+0000] {logging_mixin.py:188} INFO - 23487963522 PushEvent 100686237 tiltingpenguin 522510250 tiltingpenguin/uyuni 2022-08-17T15:52:40Z
[2024-04-08T13:38:01.646+0000] {logging_mixin.py:188} INFO - 23487963444 PushEvent 111448530 igrek-ovs 525859727 igrek-ovs/igrek-ovs.github.io 2022-08-17T15:52:40Z
[2024-04-08T13:38:01.647+0000] {logging_mixin.py:188} INFO - 23487963462 PullRequestEvent 86944161 cchanmi 509700187 TeamDearToday/Deartoday-iOS 2022-08-17T15:52:40Z
[2024-04-08T13:38:01.648+0000] {logging_mixin.py:188} INFO - 23487963480 IssuesEvent 10712109 mvashishtha 138224079 modin-project/modin 2022-08-17T15:52:40Z
[2024-04-08T13:38:01.649+0000] {logging_mixin.py:188} INFO - 23487963457 PushEvent 368735 na4zagin3 495043847 na4zagin3/satyrographos-repo-alpha 2022-08-17T15:52:40Z
[2024-04-08T13:38:01.650+0000] {logging_mixin.py:188} INFO - 23487963413 PushEvent 55003092 xsidc 525476229 xsidc/monmiao 2022-08-17T15:52:40Z
[2024-04-08T13:38:01.650+0000] {logging_mixin.py:188} INFO - 23487963429 PushEvent 17953978 kkukelka 435120097 kkukelka/nft-gallery 2022-08-17T15:52:40Z
[2024-04-08T13:38:01.651+0000] {logging_mixin.py:188} INFO - 23487963448 PushEvent 94136524 Sidalvik 484665561 Sidalvik/005-Sidalvik-FrontEnd-Cargo-project 2022-08-17T15:52:40Z
[2024-04-08T13:38:01.652+0000] {logging_mixin.py:188} INFO - 23487963440 PushEvent 13433317 qJkee 483328134 qJkee/cluster-config-operator 2022-08-17T15:52:40Z
[2024-04-08T13:38:01.653+0000] {logging_mixin.py:188} INFO - 23487963411 IssueCommentEvent 10712109 mvashishtha 138224079 modin-project/modin 2022-08-17T15:52:40Z https://api.github.com/repos/modin-project/modin/issues/1110
[2024-04-08T13:38:01.654+0000] {logging_mixin.py:188} INFO - 23487963456 IssueCommentEvent 37929162 mergify[bot] 399070715 majacQ/juicefs 2022-08-17T15:52:40Z https://api.github.com/repos/majacQ/juicefs/issues/35
[2024-04-08T13:38:01.654+0000] {logging_mixin.py:188} INFO - 23487963426 WatchEvent 44158642 exqlnet 45356931 bwmarrin/discordgo 2022-08-17T15:52:40Z
[2024-04-08T13:38:01.655+0000] {logging_mixin.py:188} INFO - 23487963471 PullRequestEvent 19955562 lindseyburnett 176802984 RedHatInsights/rhsm-subscriptions 2022-08-17T15:52:40Z
[2024-04-08T13:38:01.656+0000] {logging_mixin.py:188} INFO - 23487963425 CreateEvent 111345762 wwwuuid2com28 525860966 wwwuuid2com28/22_11948 2022-08-17T15:52:40Z
[2024-04-08T13:38:01.657+0000] {logging_mixin.py:188} INFO - 23487963368 PushEvent 30538765 signcla-test-unsigned 409344435 google-test2/signclav2-probe-repo 2022-08-17T15:52:40Z
[2024-04-08T13:38:01.658+0000] {logging_mixin.py:188} INFO - 23487963384 PushEvent 8517910 LombiqBot 86929735 Lombiq/Orchard 2022-08-17T15:52:40Z
[2024-04-08T13:38:01.659+0000] {logging_mixin.py:188} INFO - 23487963376 PushEvent 109001160 HARPHUNA 525552996 HARPHUNA/grpc-SwiftPM 2022-08-17T15:52:40Z
[2024-04-08T13:38:01.659+0000] {logging_mixin.py:188} INFO - 23487963366 PushEvent 686971 khurtwilliams 288543809 khurtwilliams/microblog 2022-08-17T15:52:40Z
[2024-04-08T13:38:01.661+0000] {logging_mixin.py:188} INFO - 23487929637 IssueCommentEvent 1696078 sukhada 75340147 350org/ak_intl_v3 2022-08-17T15:51:05Z https://api.github.com/repos/350org/ak_intl_v3/issues/332
[2024-04-08T13:38:01.661+0000] {logging_mixin.py:188} INFO - 23487929676 PushEvent 66924041 yousabu 525526680 yousabu/ansible_rhce 2022-08-17T15:51:05Z
[2024-04-08T13:38:01.662+0000] {logging_mixin.py:188} INFO - 23487929674 PushEvent 74971347 MathisGD 512700417 morpho-dao/morpho-utils 2022-08-17T15:51:05Z
[2024-04-08T13:38:01.663+0000] {logging_mixin.py:188} INFO - 23487929661 PushEvent 91143053 BR-Junior 525851446 BR-Junior/crud-com-vue-e-quasar 2022-08-17T15:51:05Z
[2024-04-08T13:38:01.663+0000] {logging_mixin.py:188} INFO - 23487929682 PushEvent 60825784 predictcrypto 505029866 predictcrypto/pins 2022-08-17T15:51:05Z
[2024-04-08T13:38:01.664+0000] {logging_mixin.py:188} INFO - 23487929673 PushEvent 102357035 kazukimikami 525845306 kazukimikami/reservation 2022-08-17T15:51:05Z
[2024-04-08T13:38:01.665+0000] {logging_mixin.py:188} INFO - 23487929588 PushEvent 46447321 allcontributors[bot] 274724694 dendronhq/dendron 2022-08-17T15:51:05Z
[2024-04-08T13:38:01.666+0000] {logging_mixin.py:188} INFO - 23487929636 CreateEvent 41898282 github-actions[bot] 523780252 tiller1010/silverstripe-spam-module 2022-08-17T15:51:05Z
[2024-04-08T13:38:01.667+0000] {logging_mixin.py:188} INFO - 23487929580 IssuesEvent 21972349 sozysozbot 524701461 sozysozbot/mikanos 2022-08-17T15:51:05Z
[2024-04-08T13:38:01.667+0000] {logging_mixin.py:188} INFO - 23487929591 PushEvent 17869732 moiify 164541747 moiify/AutoGreen 2022-08-17T15:51:05Z
[2024-04-08T13:38:01.668+0000] {logging_mixin.py:188} INFO - 23487929533 PushEvent 37043957 Callithrix-omics 524655561 Callithrix-omics/Callithrix-omics.github.io 2022-08-17T15:51:05Z
[2024-04-08T13:38:01.669+0000] {logging_mixin.py:188} INFO - 23487929573 PushEvent 22376627 datho7561 264221410 datho7561/quarkus-ls 2022-08-17T15:51:05Z
[2024-04-08T13:38:01.670+0000] {logging_mixin.py:188} INFO - 23487929349 PushEvent 90624848 ofzlo 472789273 Sooktoring/Sooktoring-Android 2022-08-17T15:51:04Z
[2024-04-08T13:38:01.671+0000] {logging_mixin.py:188} INFO - 23487929578 PushEvent 98659638 edwardzuniga 487950724 edwardzuniga/holbertonschool-higher_level_programming 2022-08-17T15:51:05Z
[2024-04-08T13:38:01.671+0000] {logging_mixin.py:188} INFO - 23487929597 IssueCommentEvent 32714304 0xcadams 432870871 livepeer/explorer 2022-08-17T15:51:05Z https://api.github.com/repos/livepeer/explorer/issues/165
[2024-04-08T13:38:01.672+0000] {logging_mixin.py:188} INFO - 23487929522 ReleaseEvent 41898282 github-actions[bot] 523780252 tiller1010/silverstripe-spam-module 2022-08-17T15:51:05Z
[2024-04-08T13:38:01.673+0000] {logging_mixin.py:188} INFO - 23487929560 PushEvent 111369888 Mahalderk 525845966 Mahalderk/CV 2022-08-17T15:51:05Z
[2024-04-08T13:38:01.674+0000] {logging_mixin.py:188} INFO - 23487929536 PushEvent 5146167 markbush 522475355 markbush/Smalltalk-80-CompilerLib 2022-08-17T15:51:05Z
[2024-04-08T13:38:01.675+0000] {logging_mixin.py:188} INFO - 23487929501 DeleteEvent 34882892 balena-ci 280075452 product-os/jellyfish-worker 2022-08-17T15:51:05Z
[2024-04-08T13:38:01.675+0000] {logging_mixin.py:188} INFO - 23487929523 PushEvent 12437240 chengzhong001 524300625 chengzhong001/cpp-examples 2022-08-17T15:51:05Z
[2024-04-08T13:38:01.676+0000] {logging_mixin.py:188} INFO - 23487929494 PushEvent 39814207 pull[bot] 502695999 kybru91/vscode-languageserver-node 2022-08-17T15:51:05Z
[2024-04-08T13:38:01.677+0000] {logging_mixin.py:188} INFO - 23487929532 PushEvent 75855221 fathozt 381424857 fathozt/MyProject 2022-08-17T15:51:05Z
[2024-04-08T13:38:01.681+0000] {logging_mixin.py:188} INFO - 23487929508 CreateEvent 90800936 ibrahimalangri 525860418 ibrahimalangri/KUn 2022-08-17T15:51:05Z
[2024-04-08T13:38:01.681+0000] {logging_mixin.py:188} INFO - 23487929447 PushEvent 102809970 InonAngel98 507821009 web-application-app/gigosRate 2022-08-17T15:51:05Z
[2024-04-08T13:38:01.682+0000] {logging_mixin.py:188} INFO - 23487929496 DeleteEvent 111434456 DmytroKova 525800293 DmytroKova/TUTORIAL 2022-08-17T15:51:05Z
[2024-04-08T13:38:01.683+0000] {logging_mixin.py:188} INFO - 23487929420 PushEvent 5981249 brianway 55965971 brianway/algorithms-learning 2022-08-17T15:51:05Z
[2024-04-08T13:38:01.684+0000] {logging_mixin.py:188} INFO - 23487929439 PushEvent 41898282 github-actions[bot] 266811533 wizche/lema-observatory 2022-08-17T15:51:05Z
[2024-04-08T13:38:01.685+0000] {logging_mixin.py:188} INFO - 23487929452 PushEvent 23216921 adamsorbie 406699027 adamsorbie/Stroke_Microbiota_reproducibility 2022-08-17T15:51:05Z
[2024-04-08T13:38:01.685+0000] {logging_mixin.py:188} INFO - 23487929428 IssuesEvent 21071133 justbecoder 501154542 justbecoder/react-router-middleware-plus 2022-08-17T15:51:05Z
[2024-04-08T13:38:01.686+0000] {logging_mixin.py:188} INFO - 23487929425 IssueCommentEvent 28898909 dislbenn 239809522 stolostron/search-e2e-test 2022-08-17T15:51:05Z https://api.github.com/repos/stolostron/search-e2e-test/issues/293
[2024-04-08T13:38:01.687+0000] {python.py:202} INFO - Done. Returned value was: None
[2024-04-08T13:38:01.697+0000] {taskinstance.py:1149} INFO - Marking task as SUCCESS. dag_id=etl, task_id=process, execution_date=20240408T133756, start_date=20240408T133801, end_date=20240408T133801
[2024-04-08T13:38:01.721+0000] {local_task_job_runner.py:234} INFO - Task exited with return code 0
[2024-04-08T13:38:01.735+0000] {taskinstance.py:3312} INFO - 0 downstream tasks scheduled from follow-on schedule check
