[2024-04-08T11:17:59.848+0000] {taskinstance.py:1979} INFO - Dependencies all met for dep_context=non-requeueable deps ti=<TaskInstance: etl.process manual__2024-04-08T10:53:12.317255+00:00 [queued]>
[2024-04-08T11:17:59.859+0000] {taskinstance.py:1979} INFO - Dependencies all met for dep_context=requeueable deps ti=<TaskInstance: etl.process manual__2024-04-08T10:53:12.317255+00:00 [queued]>
[2024-04-08T11:17:59.860+0000] {taskinstance.py:2193} INFO - Starting attempt 5 of 5
[2024-04-08T11:17:59.884+0000] {taskinstance.py:2217} INFO - Executing <Task(PythonOperator): process> on 2024-04-08 10:53:12.317255+00:00
[2024-04-08T11:17:59.905+0000] {standard_task_runner.py:60} INFO - Started process 145047 to run task
[2024-04-08T11:17:59.916+0000] {standard_task_runner.py:87} INFO - Running: ['***', 'tasks', 'run', 'etl', 'process', 'manual__2024-04-08T10:53:12.317255+00:00', '--job-id', '30', '--raw', '--subdir', 'DAGS_FOLDER/etl.py', '--cfg-path', '/tmp/tmp4666n0ll']
[2024-04-08T11:17:59.927+0000] {standard_task_runner.py:88} INFO - Job 30: Subtask process
[2024-04-08T11:18:00.000+0000] {task_command.py:423} INFO - Running <TaskInstance: etl.process manual__2024-04-08T10:53:12.317255+00:00 [running]> on host 8056db226622
[2024-04-08T11:18:00.079+0000] {taskinstance.py:2513} INFO - Exporting env vars: AIRFLOW_CTX_DAG_OWNER='***' AIRFLOW_CTX_DAG_ID='etl' AIRFLOW_CTX_TASK_ID='process' AIRFLOW_CTX_EXECUTION_DATE='2024-04-08T10:53:12.317255+00:00' AIRFLOW_CTX_TRY_NUMBER='5' AIRFLOW_CTX_DAG_RUN_ID='manual__2024-04-08T10:53:12.317255+00:00'
[2024-04-08T11:18:00.081+0000] {logging_mixin.py:188} INFO - {'conf': <***.configuration.AirflowConfigParser object at 0x7ff8e57f2d30>, 'dag': <DAG: etl>, 'dag_run': <DagRun etl @ 2024-04-08 10:53:12.317255+00:00: manual__2024-04-08T10:53:12.317255+00:00, state:running, queued_at: 2024-04-08 11:17:58.097272+00:00. externally triggered: True>, 'data_interval_end': DateTime(2024, 4, 8, 0, 0, 0, tzinfo=Timezone('UTC')), 'data_interval_start': DateTime(2024, 4, 7, 0, 0, 0, tzinfo=Timezone('UTC')), 'ds': '2024-04-08', 'ds_nodash': '20240408', 'execution_date': <Proxy at 0x7ff8cf92fe40 with factory functools.partial(<function lazy_mapping_from_context.<locals>._deprecated_proxy_factory at 0x7ff8cf019af0>, 'execution_date', DateTime(2024, 4, 8, 10, 53, 12, 317255, tzinfo=Timezone('UTC')))>, 'expanded_ti_count': None, 'inlets': [], 'logical_date': DateTime(2024, 4, 8, 10, 53, 12, 317255, tzinfo=Timezone('UTC')), 'macros': <module '***.macros' from '/home/***/.local/lib/python3.8/site-packages/***/macros/__init__.py'>, 'next_ds': <Proxy at 0x7ff8cf00d6c0 with factory functools.partial(<function lazy_mapping_from_context.<locals>._deprecated_proxy_factory at 0x7ff8cf019af0>, 'next_ds', '2024-04-08')>, 'next_ds_nodash': <Proxy at 0x7ff8cf00d180 with factory functools.partial(<function lazy_mapping_from_context.<locals>._deprecated_proxy_factory at 0x7ff8cf019af0>, 'next_ds_nodash', '20240408')>, 'next_execution_date': <Proxy at 0x7ff8da222300 with factory functools.partial(<function lazy_mapping_from_context.<locals>._deprecated_proxy_factory at 0x7ff8cf019af0>, 'next_execution_date', DateTime(2024, 4, 8, 10, 53, 12, 317255, tzinfo=Timezone('UTC')))>, 'outlets': [], 'params': {}, 'prev_data_interval_start_success': DateTime(2024, 4, 7, 0, 0, 0, tzinfo=Timezone('UTC')), 'prev_data_interval_end_success': DateTime(2024, 4, 8, 0, 0, 0, tzinfo=Timezone('UTC')), 'prev_ds': <Proxy at 0x7ff8da222340 with factory functools.partial(<function lazy_mapping_from_context.<locals>._deprecated_proxy_factory at 0x7ff8cf019af0>, 'prev_ds', '2024-04-08')>, 'prev_ds_nodash': <Proxy at 0x7ff8da222380 with factory functools.partial(<function lazy_mapping_from_context.<locals>._deprecated_proxy_factory at 0x7ff8cf019af0>, 'prev_ds_nodash', '20240408')>, 'prev_execution_date': <Proxy at 0x7ff8da2223c0 with factory functools.partial(<function lazy_mapping_from_context.<locals>._deprecated_proxy_factory at 0x7ff8cf019af0>, 'prev_execution_date', DateTime(2024, 4, 8, 10, 53, 12, 317255, tzinfo=Timezone('UTC')))>, 'prev_execution_date_success': <Proxy at 0x7ff8da222400 with factory functools.partial(<function lazy_mapping_from_context.<locals>._deprecated_proxy_factory at 0x7ff8cf019af0>, 'prev_execution_date_success', DateTime(2024, 4, 8, 10, 29, 54, 815147, tzinfo=Timezone('UTC')))>, 'prev_start_date_success': DateTime(2024, 4, 8, 10, 35, 6, 599693, tzinfo=Timezone('UTC')), 'prev_end_date_success': DateTime(2024, 4, 8, 10, 35, 13, 698539, tzinfo=Timezone('UTC')), 'run_id': 'manual__2024-04-08T10:53:12.317255+00:00', 'task': <Task(PythonOperator): process>, 'task_instance': <TaskInstance: etl.process manual__2024-04-08T10:53:12.317255+00:00 [running]>, 'task_instance_key_str': 'etl__process__20240408', 'test_mode': False, 'ti': <TaskInstance: etl.process manual__2024-04-08T10:53:12.317255+00:00 [running]>, 'tomorrow_ds': <Proxy at 0x7ff8da222440 with factory functools.partial(<function lazy_mapping_from_context.<locals>._deprecated_proxy_factory at 0x7ff8cf019af0>, 'tomorrow_ds', '2024-04-09')>, 'tomorrow_ds_nodash': <Proxy at 0x7ff8da222480 with factory functools.partial(<function lazy_mapping_from_context.<locals>._deprecated_proxy_factory at 0x7ff8cf019af0>, 'tomorrow_ds_nodash', '20240409')>, 'triggering_dataset_events': <Proxy at 0x7ff8cf033b40 with factory <function _get_template_context.<locals>.get_triggering_events at 0x7ff8cf021160>>, 'ts': '2024-04-08T10:53:12.317255+00:00', 'ts_nodash': '20240408T105312', 'ts_nodash_with_tz': '20240408T105312.317255+0000', 'var': {'json': None, 'value': None}, 'conn': None, 'yesterday_ds': <Proxy at 0x7ff8da2224c0 with factory functools.partial(<function lazy_mapping_from_context.<locals>._deprecated_proxy_factory at 0x7ff8cf019af0>, 'yesterday_ds', '2024-04-07')>, 'yesterday_ds_nodash': <Proxy at 0x7ff8da222500 with factory functools.partial(<function lazy_mapping_from_context.<locals>._deprecated_proxy_factory at 0x7ff8cf019af0>, 'yesterday_ds_nodash', '20240407')>, 'templates_dict': None}
[2024-04-08T11:18:00.088+0000] {logging_mixin.py:188} INFO - ['/opt/***/dags/data/github_events_02.json', '/opt/***/dags/data/github_events_01.json']
[2024-04-08T11:18:00.095+0000] {base.py:83} INFO - Using connection ID 'my_postgres_conn' for task execution.
[2024-04-08T11:18:00.101+0000] {logging_mixin.py:188} INFO - 23487963576 WatchEvent 44167236 evilgaoshu 6296790 spring-projects/spring-boot 2022-08-17T15:52:40Z
[2024-04-08T11:18:00.102+0000] {taskinstance.py:2731} ERROR - Task failed with exception
Traceback (most recent call last):
  File "/home/airflow/.local/lib/python3.8/site-packages/airflow/models/taskinstance.py", line 444, in _execute_task
    result = _execute_callable(context=context, **execute_callable_kwargs)
  File "/home/airflow/.local/lib/python3.8/site-packages/airflow/models/taskinstance.py", line 414, in _execute_callable
    return execute_callable(context=context, **execute_callable_kwargs)
  File "/home/airflow/.local/lib/python3.8/site-packages/airflow/operators/python.py", line 200, in execute
    return_value = self.execute_callable()
  File "/home/airflow/.local/lib/python3.8/site-packages/airflow/operators/python.py", line 217, in execute_callable
    return self.python_callable(*self.op_args, **self.op_kwargs)
  File "/opt/airflow/dags/etl.py", line 111, in _process
    cur.execute(insert_statement)
psycopg2.errors.UndefinedTable: relation "actors" does not exist
LINE 2:                     INSERT INTO actors (
                                        ^

[2024-04-08T11:18:00.108+0000] {taskinstance.py:1149} INFO - Marking task as FAILED. dag_id=etl, task_id=process, execution_date=20240408T105312, start_date=20240408T111759, end_date=20240408T111800
[2024-04-08T11:18:00.123+0000] {standard_task_runner.py:107} ERROR - Failed to execute job 30 for task process (relation "actors" does not exist
LINE 2:                     INSERT INTO actors (
                                        ^
; 145047)
[2024-04-08T11:18:00.166+0000] {local_task_job_runner.py:234} INFO - Task exited with return code 1
[2024-04-08T11:18:00.184+0000] {taskinstance.py:3312} INFO - 0 downstream tasks scheduled from follow-on schedule check
