[2024-04-08T11:48:06.964+0000] {taskinstance.py:1979} INFO - Dependencies all met for dep_context=non-requeueable deps ti=<TaskInstance: etl.process manual__2024-04-08T10:53:12.317255+00:00 [queued]>
[2024-04-08T11:48:06.972+0000] {taskinstance.py:1979} INFO - Dependencies all met for dep_context=requeueable deps ti=<TaskInstance: etl.process manual__2024-04-08T10:53:12.317255+00:00 [queued]>
[2024-04-08T11:48:06.972+0000] {taskinstance.py:2193} INFO - Starting attempt 12 of 12
[2024-04-08T11:48:06.986+0000] {taskinstance.py:2217} INFO - Executing <Task(PythonOperator): process> on 2024-04-08 10:53:12.317255+00:00
[2024-04-08T11:48:06.993+0000] {standard_task_runner.py:60} INFO - Started process 160936 to run task
[2024-04-08T11:48:06.996+0000] {standard_task_runner.py:87} INFO - Running: ['***', 'tasks', 'run', 'etl', 'process', 'manual__2024-04-08T10:53:12.317255+00:00', '--job-id', '37', '--raw', '--subdir', 'DAGS_FOLDER/etl.py', '--cfg-path', '/tmp/tmp75rgxecm']
[2024-04-08T11:48:06.998+0000] {standard_task_runner.py:88} INFO - Job 37: Subtask process
[2024-04-08T11:48:07.038+0000] {task_command.py:423} INFO - Running <TaskInstance: etl.process manual__2024-04-08T10:53:12.317255+00:00 [running]> on host 8056db226622
[2024-04-08T11:48:07.108+0000] {taskinstance.py:2513} INFO - Exporting env vars: AIRFLOW_CTX_DAG_OWNER='***' AIRFLOW_CTX_DAG_ID='etl' AIRFLOW_CTX_TASK_ID='process' AIRFLOW_CTX_EXECUTION_DATE='2024-04-08T10:53:12.317255+00:00' AIRFLOW_CTX_TRY_NUMBER='12' AIRFLOW_CTX_DAG_RUN_ID='manual__2024-04-08T10:53:12.317255+00:00'
[2024-04-08T11:48:07.110+0000] {logging_mixin.py:188} INFO - {'conf': <***.configuration.AirflowConfigParser object at 0x7ff8e57f2d30>, 'dag': <DAG: etl>, 'dag_run': <DagRun etl @ 2024-04-08 10:53:12.317255+00:00: manual__2024-04-08T10:53:12.317255+00:00, state:running, queued_at: 2024-04-08 11:48:05.944081+00:00. externally triggered: True>, 'data_interval_end': DateTime(2024, 4, 8, 0, 0, 0, tzinfo=Timezone('UTC')), 'data_interval_start': DateTime(2024, 4, 7, 0, 0, 0, tzinfo=Timezone('UTC')), 'ds': '2024-04-08', 'ds_nodash': '20240408', 'execution_date': <Proxy at 0x7ff8cf044bc0 with factory functools.partial(<function lazy_mapping_from_context.<locals>._deprecated_proxy_factory at 0x7ff8cf0bf310>, 'execution_date', DateTime(2024, 4, 8, 10, 53, 12, 317255, tzinfo=Timezone('UTC')))>, 'expanded_ti_count': None, 'inlets': [], 'logical_date': DateTime(2024, 4, 8, 10, 53, 12, 317255, tzinfo=Timezone('UTC')), 'macros': <module '***.macros' from '/home/***/.local/lib/python3.8/site-packages/***/macros/__init__.py'>, 'next_ds': <Proxy at 0x7ff8cf0502c0 with factory functools.partial(<function lazy_mapping_from_context.<locals>._deprecated_proxy_factory at 0x7ff8cf0bf310>, 'next_ds', '2024-04-08')>, 'next_ds_nodash': <Proxy at 0x7ff8cf050ec0 with factory functools.partial(<function lazy_mapping_from_context.<locals>._deprecated_proxy_factory at 0x7ff8cf0bf310>, 'next_ds_nodash', '20240408')>, 'next_execution_date': <Proxy at 0x7ff8cf050f00 with factory functools.partial(<function lazy_mapping_from_context.<locals>._deprecated_proxy_factory at 0x7ff8cf0bf310>, 'next_execution_date', DateTime(2024, 4, 8, 10, 53, 12, 317255, tzinfo=Timezone('UTC')))>, 'outlets': [], 'params': {}, 'prev_data_interval_start_success': DateTime(2024, 4, 7, 0, 0, 0, tzinfo=Timezone('UTC')), 'prev_data_interval_end_success': DateTime(2024, 4, 8, 0, 0, 0, tzinfo=Timezone('UTC')), 'prev_ds': <Proxy at 0x7ff8cf050f40 with factory functools.partial(<function lazy_mapping_from_context.<locals>._deprecated_proxy_factory at 0x7ff8cf0bf310>, 'prev_ds', '2024-04-08')>, 'prev_ds_nodash': <Proxy at 0x7ff8cf050f80 with factory functools.partial(<function lazy_mapping_from_context.<locals>._deprecated_proxy_factory at 0x7ff8cf0bf310>, 'prev_ds_nodash', '20240408')>, 'prev_execution_date': <Proxy at 0x7ff8cf050fc0 with factory functools.partial(<function lazy_mapping_from_context.<locals>._deprecated_proxy_factory at 0x7ff8cf0bf310>, 'prev_execution_date', DateTime(2024, 4, 8, 10, 53, 12, 317255, tzinfo=Timezone('UTC')))>, 'prev_execution_date_success': <Proxy at 0x7ff8da46a040 with factory functools.partial(<function lazy_mapping_from_context.<locals>._deprecated_proxy_factory at 0x7ff8cf0bf310>, 'prev_execution_date_success', DateTime(2024, 4, 8, 10, 29, 54, 815147, tzinfo=Timezone('UTC')))>, 'prev_start_date_success': DateTime(2024, 4, 8, 10, 35, 6, 599693, tzinfo=Timezone('UTC')), 'prev_end_date_success': DateTime(2024, 4, 8, 10, 35, 13, 698539, tzinfo=Timezone('UTC')), 'run_id': 'manual__2024-04-08T10:53:12.317255+00:00', 'task': <Task(PythonOperator): process>, 'task_instance': <TaskInstance: etl.process manual__2024-04-08T10:53:12.317255+00:00 [running]>, 'task_instance_key_str': 'etl__process__20240408', 'test_mode': False, 'ti': <TaskInstance: etl.process manual__2024-04-08T10:53:12.317255+00:00 [running]>, 'tomorrow_ds': <Proxy at 0x7ff8da46a080 with factory functools.partial(<function lazy_mapping_from_context.<locals>._deprecated_proxy_factory at 0x7ff8cf0bf310>, 'tomorrow_ds', '2024-04-09')>, 'tomorrow_ds_nodash': <Proxy at 0x7ff8da46a0c0 with factory functools.partial(<function lazy_mapping_from_context.<locals>._deprecated_proxy_factory at 0x7ff8cf0bf310>, 'tomorrow_ds_nodash', '20240409')>, 'triggering_dataset_events': <Proxy at 0x7ff8cf076680 with factory <function _get_template_context.<locals>.get_triggering_events at 0x7ff8cf05b4c0>>, 'ts': '2024-04-08T10:53:12.317255+00:00', 'ts_nodash': '20240408T105312', 'ts_nodash_with_tz': '20240408T105312.317255+0000', 'var': {'json': None, 'value': None}, 'conn': None, 'yesterday_ds': <Proxy at 0x7ff8da46a100 with factory functools.partial(<function lazy_mapping_from_context.<locals>._deprecated_proxy_factory at 0x7ff8cf0bf310>, 'yesterday_ds', '2024-04-07')>, 'yesterday_ds_nodash': <Proxy at 0x7ff8da46a140 with factory functools.partial(<function lazy_mapping_from_context.<locals>._deprecated_proxy_factory at 0x7ff8cf0bf310>, 'yesterday_ds_nodash', '20240407')>, 'templates_dict': None}
[2024-04-08T11:48:07.118+0000] {logging_mixin.py:188} INFO - ['/opt/***/dags/data/github_events_02.json', '/opt/***/dags/data/github_events_01.json']
[2024-04-08T11:48:07.124+0000] {base.py:83} INFO - Using connection ID 'my_postgres_conn' for task execution.
[2024-04-08T11:48:07.130+0000] {logging_mixin.py:188} INFO - 23487963576 WatchEvent 44167236 evilgaoshu 6296790 spring-projects/spring-boot 2022-08-17T15:52:40Z
[2024-04-08T11:48:07.131+0000] {logging_mixin.py:188} INFO - Error inserting into actor table: relation "actor" does not exist
LINE 2:                         INSERT INTO actor (
                                            ^
[2024-04-08T11:48:07.132+0000] {logging_mixin.py:188} INFO - Error inserting into org table: current transaction is aborted, commands ignored until end of transaction block
[2024-04-08T11:48:07.133+0000] {logging_mixin.py:188} INFO - Error inserting into repo table: current transaction is aborted, commands ignored until end of transaction block
[2024-04-08T11:48:07.134+0000] {logging_mixin.py:188} INFO - Error inserting into payload table: 'push_id'
[2024-04-08T11:48:07.134+0000] {logging_mixin.py:188} INFO - Error inserting into event table: 'push_id'
[2024-04-08T11:48:07.134+0000] {logging_mixin.py:188} INFO - 23487963624 CreateEvent 111333037 gurram47 525860969 gurram47/AP20110010620-CS306-L 2022-08-17T15:52:40Z
[2024-04-08T11:48:07.135+0000] {logging_mixin.py:188} INFO - Error inserting into actor table: relation "actor" does not exist
LINE 2:                         INSERT INTO actor (
                                            ^
[2024-04-08T11:48:07.136+0000] {logging_mixin.py:188} INFO - Error inserting into org table: 'org'
[2024-04-08T11:48:07.137+0000] {logging_mixin.py:188} INFO - Error inserting into repo table: current transaction is aborted, commands ignored until end of transaction block
[2024-04-08T11:48:07.137+0000] {logging_mixin.py:188} INFO - Error inserting into payload table: 'push_id'
[2024-04-08T11:48:07.137+0000] {logging_mixin.py:188} INFO - Error inserting into event table: 'push_id'
[2024-04-08T11:48:07.138+0000] {logging_mixin.py:188} INFO - 23487963529 PushEvent 65502770 afbeltranr 350706029 afbeltranr/Agrilab2 2022-08-17T15:52:40Z
[2024-04-08T11:48:07.140+0000] {logging_mixin.py:188} INFO - Error inserting into actor table: relation "actor" does not exist
LINE 2:                         INSERT INTO actor (
                                            ^
[2024-04-08T11:48:07.140+0000] {logging_mixin.py:188} INFO - Error inserting into org table: 'org'
[2024-04-08T11:48:07.141+0000] {logging_mixin.py:188} INFO - Error inserting into repo table: current transaction is aborted, commands ignored until end of transaction block
[2024-04-08T11:48:07.142+0000] {logging_mixin.py:188} INFO - Error inserting into payload table: current transaction is aborted, commands ignored until end of transaction block
[2024-04-08T11:48:07.142+0000] {logging_mixin.py:188} INFO - Error inserting into event table: current transaction is aborted, commands ignored until end of transaction block
[2024-04-08T11:48:07.143+0000] {logging_mixin.py:188} INFO - 23487963558 IssueCommentEvent 99458559 karla-vm 226399669 CMSgov/cms-carts-seds 2022-08-17T15:52:40Z
[2024-04-08T11:48:07.144+0000] {logging_mixin.py:188} INFO - Error inserting into actor table: relation "actor" does not exist
LINE 2:                         INSERT INTO actor (
                                            ^
[2024-04-08T11:48:07.144+0000] {logging_mixin.py:188} INFO - Error inserting into org table: current transaction is aborted, commands ignored until end of transaction block
[2024-04-08T11:48:07.145+0000] {logging_mixin.py:188} INFO - Error inserting into repo table: current transaction is aborted, commands ignored until end of transaction block
[2024-04-08T11:48:07.145+0000] {logging_mixin.py:188} INFO - Error inserting into payload table: 'push_id'
[2024-04-08T11:48:07.146+0000] {logging_mixin.py:188} INFO - Error inserting into event table: 'push_id'
[2024-04-08T11:48:07.146+0000] {logging_mixin.py:188} INFO - 23487963581 PullRequestEvent 3787410 hsluoyz 521980272 casdoor/casdoor-chrome-extension 2022-08-17T15:52:40Z
[2024-04-08T11:48:07.147+0000] {logging_mixin.py:188} INFO - Error inserting into actor table: relation "actor" does not exist
LINE 2:                         INSERT INTO actor (
                                            ^
[2024-04-08T11:48:07.147+0000] {logging_mixin.py:188} INFO - Error inserting into org table: current transaction is aborted, commands ignored until end of transaction block
[2024-04-08T11:48:07.148+0000] {logging_mixin.py:188} INFO - Error inserting into repo table: current transaction is aborted, commands ignored until end of transaction block
[2024-04-08T11:48:07.148+0000] {logging_mixin.py:188} INFO - Error inserting into payload table: 'push_id'
[2024-04-08T11:48:07.148+0000] {logging_mixin.py:188} INFO - Error inserting into event table: 'push_id'
[2024-04-08T11:48:07.149+0000] {logging_mixin.py:188} INFO - 23487963532 PushEvent 11596368 mnw1020 438998478 mnw1020/obsidian 2022-08-17T15:52:40Z
[2024-04-08T11:48:07.149+0000] {logging_mixin.py:188} INFO - Error inserting into actor table: relation "actor" does not exist
LINE 2:                         INSERT INTO actor (
                                            ^
[2024-04-08T11:48:07.150+0000] {logging_mixin.py:188} INFO - Error inserting into org table: 'org'
[2024-04-08T11:48:07.150+0000] {logging_mixin.py:188} INFO - Error inserting into repo table: current transaction is aborted, commands ignored until end of transaction block
[2024-04-08T11:48:07.151+0000] {logging_mixin.py:188} INFO - Error inserting into payload table: current transaction is aborted, commands ignored until end of transaction block
[2024-04-08T11:48:07.152+0000] {logging_mixin.py:188} INFO - Error inserting into event table: current transaction is aborted, commands ignored until end of transaction block
[2024-04-08T11:48:07.152+0000] {logging_mixin.py:188} INFO - 23487963524 PushEvent 82401504 ikjo93 525362201 ikjo93/Data-Structure 2022-08-17T15:52:40Z
[2024-04-08T11:48:07.153+0000] {logging_mixin.py:188} INFO - Error inserting into actor table: relation "actor" does not exist
LINE 2:                         INSERT INTO actor (
                                            ^
[2024-04-08T11:48:07.153+0000] {logging_mixin.py:188} INFO - Error inserting into org table: 'org'
[2024-04-08T11:48:07.154+0000] {logging_mixin.py:188} INFO - Error inserting into repo table: current transaction is aborted, commands ignored until end of transaction block
[2024-04-08T11:48:07.154+0000] {logging_mixin.py:188} INFO - Error inserting into payload table: current transaction is aborted, commands ignored until end of transaction block
[2024-04-08T11:48:07.155+0000] {logging_mixin.py:188} INFO - Error inserting into event table: current transaction is aborted, commands ignored until end of transaction block
[2024-04-08T11:48:07.156+0000] {logging_mixin.py:188} INFO - 23487963526 PushEvent 60316309 Gabe616 500139646 Gabe616/ObbyCreatorMusicList 2022-08-17T15:52:40Z
[2024-04-08T11:48:07.157+0000] {logging_mixin.py:188} INFO - Error inserting into actor table: relation "actor" does not exist
LINE 2:                         INSERT INTO actor (
                                            ^
[2024-04-08T11:48:07.157+0000] {logging_mixin.py:188} INFO - Error inserting into org table: 'org'
[2024-04-08T11:48:07.157+0000] {logging_mixin.py:188} INFO - Error inserting into repo table: current transaction is aborted, commands ignored until end of transaction block
[2024-04-08T11:48:07.158+0000] {logging_mixin.py:188} INFO - Error inserting into payload table: current transaction is aborted, commands ignored until end of transaction block
[2024-04-08T11:48:07.158+0000] {logging_mixin.py:188} INFO - Error inserting into event table: current transaction is aborted, commands ignored until end of transaction block
[2024-04-08T11:48:07.159+0000] {logging_mixin.py:188} INFO - 23487963492 PushEvent 37953029 BadProfessor 268298723 BadProfessor/INL 2022-08-17T15:52:40Z
[2024-04-08T11:48:07.159+0000] {logging_mixin.py:188} INFO - Error inserting into actor table: relation "actor" does not exist
LINE 2:                         INSERT INTO actor (
                                            ^
[2024-04-08T11:48:07.160+0000] {logging_mixin.py:188} INFO - Error inserting into org table: 'org'
[2024-04-08T11:48:07.160+0000] {logging_mixin.py:188} INFO - Error inserting into repo table: current transaction is aborted, commands ignored until end of transaction block
[2024-04-08T11:48:07.161+0000] {logging_mixin.py:188} INFO - Error inserting into payload table: current transaction is aborted, commands ignored until end of transaction block
[2024-04-08T11:48:07.162+0000] {logging_mixin.py:188} INFO - Error inserting into event table: current transaction is aborted, commands ignored until end of transaction block
[2024-04-08T11:48:07.162+0000] {logging_mixin.py:188} INFO - 23487963504 DeleteEvent 28701858 allanrg4 399546191 ALMA-FUNDEGUA/vacunasgt 2022-08-17T15:52:40Z
[2024-04-08T11:48:07.163+0000] {logging_mixin.py:188} INFO - Error inserting into actor table: relation "actor" does not exist
LINE 2:                         INSERT INTO actor (
                                            ^
[2024-04-08T11:48:07.163+0000] {logging_mixin.py:188} INFO - Error inserting into org table: current transaction is aborted, commands ignored until end of transaction block
[2024-04-08T11:48:07.164+0000] {logging_mixin.py:188} INFO - Error inserting into repo table: current transaction is aborted, commands ignored until end of transaction block
[2024-04-08T11:48:07.164+0000] {logging_mixin.py:188} INFO - Error inserting into payload table: 'push_id'
[2024-04-08T11:48:07.164+0000] {logging_mixin.py:188} INFO - Error inserting into event table: 'push_id'
[2024-04-08T11:48:07.165+0000] {logging_mixin.py:188} INFO - 23487963536 PullRequestReviewEvent 22668539 QGarchery 512700417 morpho-dao/morpho-utils 2022-08-17T15:52:40Z
[2024-04-08T11:48:07.165+0000] {logging_mixin.py:188} INFO - Error inserting into actor table: relation "actor" does not exist
LINE 2:                         INSERT INTO actor (
                                            ^
[2024-04-08T11:48:07.166+0000] {logging_mixin.py:188} INFO - Error inserting into org table: current transaction is aborted, commands ignored until end of transaction block
[2024-04-08T11:48:07.167+0000] {logging_mixin.py:188} INFO - Error inserting into repo table: current transaction is aborted, commands ignored until end of transaction block
[2024-04-08T11:48:07.167+0000] {logging_mixin.py:188} INFO - Error inserting into payload table: 'push_id'
[2024-04-08T11:48:07.168+0000] {logging_mixin.py:188} INFO - Error inserting into event table: 'push_id'
[2024-04-08T11:48:07.168+0000] {logging_mixin.py:188} INFO - 23487963495 CreateEvent 111433069 Diyouf 525860287 Diyouf/newpage.github.io 2022-08-17T15:52:40Z
[2024-04-08T11:48:07.168+0000] {logging_mixin.py:188} INFO - Error inserting into actor table: relation "actor" does not exist
LINE 2:                         INSERT INTO actor (
                                            ^
[2024-04-08T11:48:07.169+0000] {logging_mixin.py:188} INFO - Error inserting into org table: 'org'
[2024-04-08T11:48:07.169+0000] {logging_mixin.py:188} INFO - Error inserting into repo table: current transaction is aborted, commands ignored until end of transaction block
[2024-04-08T11:48:07.170+0000] {logging_mixin.py:188} INFO - Error inserting into payload table: 'push_id'
[2024-04-08T11:48:07.170+0000] {logging_mixin.py:188} INFO - Error inserting into event table: 'push_id'
[2024-04-08T11:48:07.170+0000] {logging_mixin.py:188} INFO - 23487963522 PushEvent 100686237 tiltingpenguin 522510250 tiltingpenguin/uyuni 2022-08-17T15:52:40Z
[2024-04-08T11:48:07.171+0000] {logging_mixin.py:188} INFO - Error inserting into actor table: relation "actor" does not exist
LINE 2:                         INSERT INTO actor (
                                            ^
[2024-04-08T11:48:07.171+0000] {logging_mixin.py:188} INFO - Error inserting into org table: 'org'
[2024-04-08T11:48:07.172+0000] {logging_mixin.py:188} INFO - Error inserting into repo table: current transaction is aborted, commands ignored until end of transaction block
[2024-04-08T11:48:07.172+0000] {logging_mixin.py:188} INFO - Error inserting into payload table: current transaction is aborted, commands ignored until end of transaction block
[2024-04-08T11:48:07.172+0000] {logging_mixin.py:188} INFO - Error inserting into event table: current transaction is aborted, commands ignored until end of transaction block
[2024-04-08T11:48:07.173+0000] {logging_mixin.py:188} INFO - 23487963444 PushEvent 111448530 igrek-ovs 525859727 igrek-ovs/igrek-ovs.github.io 2022-08-17T15:52:40Z
[2024-04-08T11:48:07.173+0000] {logging_mixin.py:188} INFO - Error inserting into actor table: relation "actor" does not exist
LINE 2:                         INSERT INTO actor (
                                            ^
[2024-04-08T11:48:07.175+0000] {logging_mixin.py:188} INFO - Error inserting into org table: 'org'
[2024-04-08T11:48:07.176+0000] {logging_mixin.py:188} INFO - Error inserting into repo table: current transaction is aborted, commands ignored until end of transaction block
[2024-04-08T11:48:07.176+0000] {logging_mixin.py:188} INFO - Error inserting into payload table: current transaction is aborted, commands ignored until end of transaction block
[2024-04-08T11:48:07.177+0000] {logging_mixin.py:188} INFO - Error inserting into event table: current transaction is aborted, commands ignored until end of transaction block
[2024-04-08T11:48:07.177+0000] {logging_mixin.py:188} INFO - 23487963462 PullRequestEvent 86944161 cchanmi 509700187 TeamDearToday/Deartoday-iOS 2022-08-17T15:52:40Z
[2024-04-08T11:48:07.178+0000] {logging_mixin.py:188} INFO - Error inserting into actor table: relation "actor" does not exist
LINE 2:                         INSERT INTO actor (
                                            ^
[2024-04-08T11:48:07.178+0000] {logging_mixin.py:188} INFO - Error inserting into org table: current transaction is aborted, commands ignored until end of transaction block
[2024-04-08T11:48:07.179+0000] {logging_mixin.py:188} INFO - Error inserting into repo table: current transaction is aborted, commands ignored until end of transaction block
[2024-04-08T11:48:07.179+0000] {logging_mixin.py:188} INFO - Error inserting into payload table: 'push_id'
[2024-04-08T11:48:07.179+0000] {logging_mixin.py:188} INFO - Error inserting into event table: 'push_id'
[2024-04-08T11:48:07.180+0000] {logging_mixin.py:188} INFO - 23487963480 IssuesEvent 10712109 mvashishtha 138224079 modin-project/modin 2022-08-17T15:52:40Z
[2024-04-08T11:48:07.180+0000] {logging_mixin.py:188} INFO - Error inserting into actor table: relation "actor" does not exist
LINE 2:                         INSERT INTO actor (
                                            ^
[2024-04-08T11:48:07.181+0000] {logging_mixin.py:188} INFO - Error inserting into org table: current transaction is aborted, commands ignored until end of transaction block
[2024-04-08T11:48:07.181+0000] {logging_mixin.py:188} INFO - Error inserting into repo table: current transaction is aborted, commands ignored until end of transaction block
[2024-04-08T11:48:07.182+0000] {logging_mixin.py:188} INFO - Error inserting into payload table: 'push_id'
[2024-04-08T11:48:07.182+0000] {logging_mixin.py:188} INFO - Error inserting into event table: 'push_id'
[2024-04-08T11:48:07.182+0000] {logging_mixin.py:188} INFO - 23487963457 PushEvent 368735 na4zagin3 495043847 na4zagin3/satyrographos-repo-alpha 2022-08-17T15:52:40Z
[2024-04-08T11:48:07.183+0000] {logging_mixin.py:188} INFO - Error inserting into actor table: relation "actor" does not exist
LINE 2:                         INSERT INTO actor (
                                            ^
[2024-04-08T11:48:07.183+0000] {logging_mixin.py:188} INFO - Error inserting into org table: 'org'
[2024-04-08T11:48:07.183+0000] {logging_mixin.py:188} INFO - Error inserting into repo table: current transaction is aborted, commands ignored until end of transaction block
[2024-04-08T11:48:07.184+0000] {logging_mixin.py:188} INFO - Error inserting into payload table: current transaction is aborted, commands ignored until end of transaction block
[2024-04-08T11:48:07.184+0000] {logging_mixin.py:188} INFO - Error inserting into event table: current transaction is aborted, commands ignored until end of transaction block
[2024-04-08T11:48:07.185+0000] {logging_mixin.py:188} INFO - 23487963413 PushEvent 55003092 xsidc 525476229 xsidc/monmiao 2022-08-17T15:52:40Z
[2024-04-08T11:48:07.185+0000] {logging_mixin.py:188} INFO - Error inserting into actor table: relation "actor" does not exist
LINE 2:                         INSERT INTO actor (
                                            ^
[2024-04-08T11:48:07.186+0000] {logging_mixin.py:188} INFO - Error inserting into org table: 'org'
[2024-04-08T11:48:07.186+0000] {logging_mixin.py:188} INFO - Error inserting into repo table: current transaction is aborted, commands ignored until end of transaction block
[2024-04-08T11:48:07.187+0000] {logging_mixin.py:188} INFO - Error inserting into payload table: current transaction is aborted, commands ignored until end of transaction block
[2024-04-08T11:48:07.187+0000] {logging_mixin.py:188} INFO - Error inserting into event table: current transaction is aborted, commands ignored until end of transaction block
[2024-04-08T11:48:07.187+0000] {logging_mixin.py:188} INFO - 23487963429 PushEvent 17953978 kkukelka 435120097 kkukelka/nft-gallery 2022-08-17T15:52:40Z
[2024-04-08T11:48:07.188+0000] {logging_mixin.py:188} INFO - Error inserting into actor table: relation "actor" does not exist
LINE 2:                         INSERT INTO actor (
                                            ^
[2024-04-08T11:48:07.188+0000] {logging_mixin.py:188} INFO - Error inserting into org table: 'org'
[2024-04-08T11:48:07.188+0000] {logging_mixin.py:188} INFO - Error inserting into repo table: current transaction is aborted, commands ignored until end of transaction block
[2024-04-08T11:48:07.189+0000] {logging_mixin.py:188} INFO - Error inserting into payload table: current transaction is aborted, commands ignored until end of transaction block
[2024-04-08T11:48:07.189+0000] {logging_mixin.py:188} INFO - Error inserting into event table: current transaction is aborted, commands ignored until end of transaction block
[2024-04-08T11:48:07.190+0000] {logging_mixin.py:188} INFO - 23487963448 PushEvent 94136524 Sidalvik 484665561 Sidalvik/005-Sidalvik-FrontEnd-Cargo-project 2022-08-17T15:52:40Z
[2024-04-08T11:48:07.190+0000] {logging_mixin.py:188} INFO - Error inserting into actor table: relation "actor" does not exist
LINE 2:                         INSERT INTO actor (
                                            ^
[2024-04-08T11:48:07.190+0000] {logging_mixin.py:188} INFO - Error inserting into org table: 'org'
[2024-04-08T11:48:07.191+0000] {logging_mixin.py:188} INFO - Error inserting into repo table: current transaction is aborted, commands ignored until end of transaction block
[2024-04-08T11:48:07.191+0000] {logging_mixin.py:188} INFO - Error inserting into payload table: current transaction is aborted, commands ignored until end of transaction block
[2024-04-08T11:48:07.192+0000] {logging_mixin.py:188} INFO - Error inserting into event table: current transaction is aborted, commands ignored until end of transaction block
[2024-04-08T11:48:07.192+0000] {logging_mixin.py:188} INFO - 23487963440 PushEvent 13433317 qJkee 483328134 qJkee/cluster-config-operator 2022-08-17T15:52:40Z
[2024-04-08T11:48:07.192+0000] {logging_mixin.py:188} INFO - Error inserting into actor table: relation "actor" does not exist
LINE 2:                         INSERT INTO actor (
                                            ^
[2024-04-08T11:48:07.193+0000] {logging_mixin.py:188} INFO - Error inserting into org table: 'org'
[2024-04-08T11:48:07.193+0000] {logging_mixin.py:188} INFO - Error inserting into repo table: current transaction is aborted, commands ignored until end of transaction block
[2024-04-08T11:48:07.193+0000] {logging_mixin.py:188} INFO - Error inserting into payload table: current transaction is aborted, commands ignored until end of transaction block
[2024-04-08T11:48:07.194+0000] {logging_mixin.py:188} INFO - Error inserting into event table: current transaction is aborted, commands ignored until end of transaction block
[2024-04-08T11:48:07.194+0000] {logging_mixin.py:188} INFO - 23487963411 IssueCommentEvent 10712109 mvashishtha 138224079 modin-project/modin 2022-08-17T15:52:40Z
[2024-04-08T11:48:07.195+0000] {logging_mixin.py:188} INFO - Error inserting into actor table: relation "actor" does not exist
LINE 2:                         INSERT INTO actor (
                                            ^
[2024-04-08T11:48:07.195+0000] {logging_mixin.py:188} INFO - Error inserting into org table: current transaction is aborted, commands ignored until end of transaction block
[2024-04-08T11:48:07.196+0000] {logging_mixin.py:188} INFO - Error inserting into repo table: current transaction is aborted, commands ignored until end of transaction block
[2024-04-08T11:48:07.196+0000] {logging_mixin.py:188} INFO - Error inserting into payload table: 'push_id'
[2024-04-08T11:48:07.196+0000] {logging_mixin.py:188} INFO - Error inserting into event table: 'push_id'
[2024-04-08T11:48:07.196+0000] {logging_mixin.py:188} INFO - 23487963456 IssueCommentEvent 37929162 mergify[bot] 399070715 majacQ/juicefs 2022-08-17T15:52:40Z
[2024-04-08T11:48:07.197+0000] {logging_mixin.py:188} INFO - Error inserting into actor table: relation "actor" does not exist
LINE 2:                         INSERT INTO actor (
                                            ^
[2024-04-08T11:48:07.197+0000] {logging_mixin.py:188} INFO - Error inserting into org table: current transaction is aborted, commands ignored until end of transaction block
[2024-04-08T11:48:07.198+0000] {logging_mixin.py:188} INFO - Error inserting into repo table: current transaction is aborted, commands ignored until end of transaction block
[2024-04-08T11:48:07.198+0000] {logging_mixin.py:188} INFO - Error inserting into payload table: 'push_id'
[2024-04-08T11:48:07.198+0000] {logging_mixin.py:188} INFO - Error inserting into event table: 'push_id'
[2024-04-08T11:48:07.199+0000] {logging_mixin.py:188} INFO - 23487963426 WatchEvent 44158642 exqlnet 45356931 bwmarrin/discordgo 2022-08-17T15:52:40Z
[2024-04-08T11:48:07.199+0000] {logging_mixin.py:188} INFO - Error inserting into actor table: relation "actor" does not exist
LINE 2:                         INSERT INTO actor (
                                            ^
[2024-04-08T11:48:07.199+0000] {logging_mixin.py:188} INFO - Error inserting into org table: 'org'
[2024-04-08T11:48:07.200+0000] {logging_mixin.py:188} INFO - Error inserting into repo table: current transaction is aborted, commands ignored until end of transaction block
[2024-04-08T11:48:07.200+0000] {logging_mixin.py:188} INFO - Error inserting into payload table: 'push_id'
[2024-04-08T11:48:07.200+0000] {logging_mixin.py:188} INFO - Error inserting into event table: 'push_id'
[2024-04-08T11:48:07.201+0000] {logging_mixin.py:188} INFO - 23487963471 PullRequestEvent 19955562 lindseyburnett 176802984 RedHatInsights/rhsm-subscriptions 2022-08-17T15:52:40Z
[2024-04-08T11:48:07.201+0000] {logging_mixin.py:188} INFO - Error inserting into actor table: relation "actor" does not exist
LINE 2:                         INSERT INTO actor (
                                            ^
[2024-04-08T11:48:07.202+0000] {logging_mixin.py:188} INFO - Error inserting into org table: current transaction is aborted, commands ignored until end of transaction block
[2024-04-08T11:48:07.202+0000] {logging_mixin.py:188} INFO - Error inserting into repo table: current transaction is aborted, commands ignored until end of transaction block
[2024-04-08T11:48:07.202+0000] {logging_mixin.py:188} INFO - Error inserting into payload table: 'push_id'
[2024-04-08T11:48:07.203+0000] {logging_mixin.py:188} INFO - Error inserting into event table: 'push_id'
[2024-04-08T11:48:07.203+0000] {logging_mixin.py:188} INFO - 23487963425 CreateEvent 111345762 wwwuuid2com28 525860966 wwwuuid2com28/22_11948 2022-08-17T15:52:40Z
[2024-04-08T11:48:07.203+0000] {logging_mixin.py:188} INFO - Error inserting into actor table: relation "actor" does not exist
LINE 2:                         INSERT INTO actor (
                                            ^
[2024-04-08T11:48:07.204+0000] {logging_mixin.py:188} INFO - Error inserting into org table: 'org'
[2024-04-08T11:48:07.204+0000] {logging_mixin.py:188} INFO - Error inserting into repo table: current transaction is aborted, commands ignored until end of transaction block
[2024-04-08T11:48:07.204+0000] {logging_mixin.py:188} INFO - Error inserting into payload table: 'push_id'
[2024-04-08T11:48:07.205+0000] {logging_mixin.py:188} INFO - Error inserting into event table: 'push_id'
[2024-04-08T11:48:07.205+0000] {logging_mixin.py:188} INFO - 23487963368 PushEvent 30538765 signcla-test-unsigned 409344435 google-test2/signclav2-probe-repo 2022-08-17T15:52:40Z
[2024-04-08T11:48:07.206+0000] {logging_mixin.py:188} INFO - Error inserting into actor table: relation "actor" does not exist
LINE 2:                         INSERT INTO actor (
                                            ^
[2024-04-08T11:48:07.206+0000] {logging_mixin.py:188} INFO - Error inserting into org table: current transaction is aborted, commands ignored until end of transaction block
[2024-04-08T11:48:07.206+0000] {logging_mixin.py:188} INFO - Error inserting into repo table: current transaction is aborted, commands ignored until end of transaction block
[2024-04-08T11:48:07.207+0000] {logging_mixin.py:188} INFO - Error inserting into payload table: current transaction is aborted, commands ignored until end of transaction block
[2024-04-08T11:48:07.207+0000] {logging_mixin.py:188} INFO - Error inserting into event table: current transaction is aborted, commands ignored until end of transaction block
[2024-04-08T11:48:07.208+0000] {logging_mixin.py:188} INFO - 23487963384 PushEvent 8517910 LombiqBot 86929735 Lombiq/Orchard 2022-08-17T15:52:40Z
[2024-04-08T11:48:07.208+0000] {logging_mixin.py:188} INFO - Error inserting into actor table: relation "actor" does not exist
LINE 2:                         INSERT INTO actor (
                                            ^
[2024-04-08T11:48:07.209+0000] {logging_mixin.py:188} INFO - Error inserting into org table: current transaction is aborted, commands ignored until end of transaction block
[2024-04-08T11:48:07.209+0000] {logging_mixin.py:188} INFO - Error inserting into repo table: current transaction is aborted, commands ignored until end of transaction block
[2024-04-08T11:48:07.209+0000] {logging_mixin.py:188} INFO - Error inserting into payload table: current transaction is aborted, commands ignored until end of transaction block
[2024-04-08T11:48:07.210+0000] {logging_mixin.py:188} INFO - Error inserting into event table: current transaction is aborted, commands ignored until end of transaction block
[2024-04-08T11:48:07.210+0000] {logging_mixin.py:188} INFO - 23487963376 PushEvent 109001160 HARPHUNA 525552996 HARPHUNA/grpc-SwiftPM 2022-08-17T15:52:40Z
[2024-04-08T11:48:07.211+0000] {logging_mixin.py:188} INFO - Error inserting into actor table: relation "actor" does not exist
LINE 2:                         INSERT INTO actor (
                                            ^
[2024-04-08T11:48:07.211+0000] {logging_mixin.py:188} INFO - Error inserting into org table: 'org'
[2024-04-08T11:48:07.211+0000] {logging_mixin.py:188} INFO - Error inserting into repo table: current transaction is aborted, commands ignored until end of transaction block
[2024-04-08T11:48:07.212+0000] {logging_mixin.py:188} INFO - Error inserting into payload table: current transaction is aborted, commands ignored until end of transaction block
[2024-04-08T11:48:07.212+0000] {logging_mixin.py:188} INFO - Error inserting into event table: current transaction is aborted, commands ignored until end of transaction block
[2024-04-08T11:48:07.212+0000] {logging_mixin.py:188} INFO - 23487963366 PushEvent 686971 khurtwilliams 288543809 khurtwilliams/microblog 2022-08-17T15:52:40Z
[2024-04-08T11:48:07.213+0000] {logging_mixin.py:188} INFO - Error inserting into actor table: relation "actor" does not exist
LINE 2:                         INSERT INTO actor (
                                            ^
[2024-04-08T11:48:07.213+0000] {logging_mixin.py:188} INFO - Error inserting into org table: 'org'
[2024-04-08T11:48:07.214+0000] {logging_mixin.py:188} INFO - Error inserting into repo table: current transaction is aborted, commands ignored until end of transaction block
[2024-04-08T11:48:07.214+0000] {logging_mixin.py:188} INFO - Error inserting into payload table: current transaction is aborted, commands ignored until end of transaction block
[2024-04-08T11:48:07.214+0000] {logging_mixin.py:188} INFO - Error inserting into event table: current transaction is aborted, commands ignored until end of transaction block
[2024-04-08T11:48:07.222+0000] {logging_mixin.py:188} INFO - 23487929637 IssueCommentEvent 1696078 sukhada 75340147 350org/ak_intl_v3 2022-08-17T15:51:05Z
[2024-04-08T11:48:07.223+0000] {logging_mixin.py:188} INFO - Error inserting into actor table: relation "actor" does not exist
LINE 2:                         INSERT INTO actor (
                                            ^
[2024-04-08T11:48:07.224+0000] {logging_mixin.py:188} INFO - Error inserting into org table: current transaction is aborted, commands ignored until end of transaction block
[2024-04-08T11:48:07.224+0000] {logging_mixin.py:188} INFO - Error inserting into repo table: current transaction is aborted, commands ignored until end of transaction block
[2024-04-08T11:48:07.224+0000] {logging_mixin.py:188} INFO - Error inserting into payload table: 'push_id'
[2024-04-08T11:48:07.225+0000] {logging_mixin.py:188} INFO - Error inserting into event table: 'push_id'
[2024-04-08T11:48:07.225+0000] {logging_mixin.py:188} INFO - 23487929676 PushEvent 66924041 yousabu 525526680 yousabu/ansible_rhce 2022-08-17T15:51:05Z
[2024-04-08T11:48:07.227+0000] {logging_mixin.py:188} INFO - Error inserting into actor table: relation "actor" does not exist
LINE 2:                         INSERT INTO actor (
                                            ^
[2024-04-08T11:48:07.228+0000] {logging_mixin.py:188} INFO - Error inserting into org table: 'org'
[2024-04-08T11:48:07.228+0000] {logging_mixin.py:188} INFO - Error inserting into repo table: current transaction is aborted, commands ignored until end of transaction block
[2024-04-08T11:48:07.229+0000] {logging_mixin.py:188} INFO - Error inserting into payload table: current transaction is aborted, commands ignored until end of transaction block
[2024-04-08T11:48:07.229+0000] {logging_mixin.py:188} INFO - Error inserting into event table: current transaction is aborted, commands ignored until end of transaction block
[2024-04-08T11:48:07.230+0000] {logging_mixin.py:188} INFO - 23487929674 PushEvent 74971347 MathisGD 512700417 morpho-dao/morpho-utils 2022-08-17T15:51:05Z
[2024-04-08T11:48:07.231+0000] {logging_mixin.py:188} INFO - Error inserting into actor table: relation "actor" does not exist
LINE 2:                         INSERT INTO actor (
                                            ^
[2024-04-08T11:48:07.231+0000] {logging_mixin.py:188} INFO - Error inserting into org table: current transaction is aborted, commands ignored until end of transaction block
[2024-04-08T11:48:07.232+0000] {logging_mixin.py:188} INFO - Error inserting into repo table: current transaction is aborted, commands ignored until end of transaction block
[2024-04-08T11:48:07.232+0000] {logging_mixin.py:188} INFO - Error inserting into payload table: current transaction is aborted, commands ignored until end of transaction block
[2024-04-08T11:48:07.232+0000] {logging_mixin.py:188} INFO - Error inserting into event table: current transaction is aborted, commands ignored until end of transaction block
[2024-04-08T11:48:07.233+0000] {logging_mixin.py:188} INFO - 23487929661 PushEvent 91143053 BR-Junior 525851446 BR-Junior/crud-com-vue-e-quasar 2022-08-17T15:51:05Z
[2024-04-08T11:48:07.233+0000] {logging_mixin.py:188} INFO - Error inserting into actor table: relation "actor" does not exist
LINE 2:                         INSERT INTO actor (
                                            ^
[2024-04-08T11:48:07.234+0000] {logging_mixin.py:188} INFO - Error inserting into org table: 'org'
[2024-04-08T11:48:07.234+0000] {logging_mixin.py:188} INFO - Error inserting into repo table: current transaction is aborted, commands ignored until end of transaction block
[2024-04-08T11:48:07.235+0000] {logging_mixin.py:188} INFO - Error inserting into payload table: current transaction is aborted, commands ignored until end of transaction block
[2024-04-08T11:48:07.236+0000] {logging_mixin.py:188} INFO - Error inserting into event table: current transaction is aborted, commands ignored until end of transaction block
[2024-04-08T11:48:07.237+0000] {logging_mixin.py:188} INFO - 23487929682 PushEvent 60825784 predictcrypto 505029866 predictcrypto/pins 2022-08-17T15:51:05Z
[2024-04-08T11:48:07.238+0000] {logging_mixin.py:188} INFO - Error inserting into actor table: relation "actor" does not exist
LINE 2:                         INSERT INTO actor (
                                            ^
[2024-04-08T11:48:07.238+0000] {logging_mixin.py:188} INFO - Error inserting into org table: 'org'
[2024-04-08T11:48:07.239+0000] {logging_mixin.py:188} INFO - Error inserting into repo table: current transaction is aborted, commands ignored until end of transaction block
[2024-04-08T11:48:07.240+0000] {logging_mixin.py:188} INFO - Error inserting into payload table: current transaction is aborted, commands ignored until end of transaction block
[2024-04-08T11:48:07.241+0000] {logging_mixin.py:188} INFO - Error inserting into event table: current transaction is aborted, commands ignored until end of transaction block
[2024-04-08T11:48:07.242+0000] {logging_mixin.py:188} INFO - 23487929673 PushEvent 102357035 kazukimikami 525845306 kazukimikami/reservation 2022-08-17T15:51:05Z
[2024-04-08T11:48:07.242+0000] {logging_mixin.py:188} INFO - Error inserting into actor table: relation "actor" does not exist
LINE 2:                         INSERT INTO actor (
                                            ^
[2024-04-08T11:48:07.243+0000] {logging_mixin.py:188} INFO - Error inserting into org table: 'org'
[2024-04-08T11:48:07.243+0000] {logging_mixin.py:188} INFO - Error inserting into repo table: current transaction is aborted, commands ignored until end of transaction block
[2024-04-08T11:48:07.244+0000] {logging_mixin.py:188} INFO - Error inserting into payload table: current transaction is aborted, commands ignored until end of transaction block
[2024-04-08T11:48:07.244+0000] {logging_mixin.py:188} INFO - Error inserting into event table: current transaction is aborted, commands ignored until end of transaction block
[2024-04-08T11:48:07.245+0000] {logging_mixin.py:188} INFO - 23487929588 PushEvent 46447321 allcontributors[bot] 274724694 dendronhq/dendron 2022-08-17T15:51:05Z
[2024-04-08T11:48:07.245+0000] {logging_mixin.py:188} INFO - Error inserting into actor table: relation "actor" does not exist
LINE 2:                         INSERT INTO actor (
                                            ^
[2024-04-08T11:48:07.247+0000] {logging_mixin.py:188} INFO - Error inserting into org table: current transaction is aborted, commands ignored until end of transaction block
[2024-04-08T11:48:07.247+0000] {logging_mixin.py:188} INFO - Error inserting into repo table: current transaction is aborted, commands ignored until end of transaction block
[2024-04-08T11:48:07.248+0000] {logging_mixin.py:188} INFO - Error inserting into payload table: current transaction is aborted, commands ignored until end of transaction block
[2024-04-08T11:48:07.248+0000] {logging_mixin.py:188} INFO - Error inserting into event table: current transaction is aborted, commands ignored until end of transaction block
[2024-04-08T11:48:07.248+0000] {logging_mixin.py:188} INFO - 23487929636 CreateEvent 41898282 github-actions[bot] 523780252 tiller1010/silverstripe-spam-module 2022-08-17T15:51:05Z
[2024-04-08T11:48:07.249+0000] {logging_mixin.py:188} INFO - Error inserting into actor table: relation "actor" does not exist
LINE 2:                         INSERT INTO actor (
                                            ^
[2024-04-08T11:48:07.250+0000] {logging_mixin.py:188} INFO - Error inserting into org table: 'org'
[2024-04-08T11:48:07.251+0000] {logging_mixin.py:188} INFO - Error inserting into repo table: current transaction is aborted, commands ignored until end of transaction block
[2024-04-08T11:48:07.251+0000] {logging_mixin.py:188} INFO - Error inserting into payload table: 'push_id'
[2024-04-08T11:48:07.251+0000] {logging_mixin.py:188} INFO - Error inserting into event table: 'push_id'
[2024-04-08T11:48:07.252+0000] {logging_mixin.py:188} INFO - 23487929580 IssuesEvent 21972349 sozysozbot 524701461 sozysozbot/mikanos 2022-08-17T15:51:05Z
[2024-04-08T11:48:07.253+0000] {logging_mixin.py:188} INFO - Error inserting into actor table: relation "actor" does not exist
LINE 2:                         INSERT INTO actor (
                                            ^
[2024-04-08T11:48:07.253+0000] {logging_mixin.py:188} INFO - Error inserting into org table: 'org'
[2024-04-08T11:48:07.253+0000] {logging_mixin.py:188} INFO - Error inserting into repo table: current transaction is aborted, commands ignored until end of transaction block
[2024-04-08T11:48:07.254+0000] {logging_mixin.py:188} INFO - Error inserting into payload table: 'push_id'
[2024-04-08T11:48:07.256+0000] {logging_mixin.py:188} INFO - Error inserting into event table: 'push_id'
[2024-04-08T11:48:07.258+0000] {logging_mixin.py:188} INFO - 23487929591 PushEvent 17869732 moiify 164541747 moiify/AutoGreen 2022-08-17T15:51:05Z
[2024-04-08T11:48:07.258+0000] {logging_mixin.py:188} INFO - Error inserting into actor table: relation "actor" does not exist
LINE 2:                         INSERT INTO actor (
                                            ^
[2024-04-08T11:48:07.259+0000] {logging_mixin.py:188} INFO - Error inserting into org table: 'org'
[2024-04-08T11:48:07.259+0000] {logging_mixin.py:188} INFO - Error inserting into repo table: current transaction is aborted, commands ignored until end of transaction block
[2024-04-08T11:48:07.260+0000] {logging_mixin.py:188} INFO - Error inserting into payload table: current transaction is aborted, commands ignored until end of transaction block
[2024-04-08T11:48:07.260+0000] {logging_mixin.py:188} INFO - Error inserting into event table: current transaction is aborted, commands ignored until end of transaction block
[2024-04-08T11:48:07.261+0000] {logging_mixin.py:188} INFO - 23487929533 PushEvent 37043957 Callithrix-omics 524655561 Callithrix-omics/Callithrix-omics.github.io 2022-08-17T15:51:05Z
[2024-04-08T11:48:07.261+0000] {logging_mixin.py:188} INFO - Error inserting into actor table: relation "actor" does not exist
LINE 2:                         INSERT INTO actor (
                                            ^
[2024-04-08T11:48:07.262+0000] {logging_mixin.py:188} INFO - Error inserting into org table: 'org'
[2024-04-08T11:48:07.262+0000] {logging_mixin.py:188} INFO - Error inserting into repo table: current transaction is aborted, commands ignored until end of transaction block
[2024-04-08T11:48:07.262+0000] {logging_mixin.py:188} INFO - Error inserting into payload table: current transaction is aborted, commands ignored until end of transaction block
[2024-04-08T11:48:07.263+0000] {logging_mixin.py:188} INFO - Error inserting into event table: current transaction is aborted, commands ignored until end of transaction block
[2024-04-08T11:48:07.263+0000] {logging_mixin.py:188} INFO - 23487929573 PushEvent 22376627 datho7561 264221410 datho7561/quarkus-ls 2022-08-17T15:51:05Z
[2024-04-08T11:48:07.264+0000] {logging_mixin.py:188} INFO - Error inserting into actor table: relation "actor" does not exist
LINE 2:                         INSERT INTO actor (
                                            ^
[2024-04-08T11:48:07.265+0000] {logging_mixin.py:188} INFO - Error inserting into org table: 'org'
[2024-04-08T11:48:07.265+0000] {logging_mixin.py:188} INFO - Error inserting into repo table: current transaction is aborted, commands ignored until end of transaction block
[2024-04-08T11:48:07.267+0000] {logging_mixin.py:188} INFO - Error inserting into payload table: current transaction is aborted, commands ignored until end of transaction block
[2024-04-08T11:48:07.267+0000] {logging_mixin.py:188} INFO - Error inserting into event table: current transaction is aborted, commands ignored until end of transaction block
[2024-04-08T11:48:07.269+0000] {logging_mixin.py:188} INFO - 23487929349 PushEvent 90624848 ofzlo 472789273 Sooktoring/Sooktoring-Android 2022-08-17T15:51:04Z
[2024-04-08T11:48:07.270+0000] {logging_mixin.py:188} INFO - Error inserting into actor table: relation "actor" does not exist
LINE 2:                         INSERT INTO actor (
                                            ^
[2024-04-08T11:48:07.270+0000] {logging_mixin.py:188} INFO - Error inserting into org table: current transaction is aborted, commands ignored until end of transaction block
[2024-04-08T11:48:07.271+0000] {logging_mixin.py:188} INFO - Error inserting into repo table: current transaction is aborted, commands ignored until end of transaction block
[2024-04-08T11:48:07.271+0000] {logging_mixin.py:188} INFO - Error inserting into payload table: current transaction is aborted, commands ignored until end of transaction block
[2024-04-08T11:48:07.272+0000] {logging_mixin.py:188} INFO - Error inserting into event table: current transaction is aborted, commands ignored until end of transaction block
[2024-04-08T11:48:07.273+0000] {logging_mixin.py:188} INFO - 23487929578 PushEvent 98659638 edwardzuniga 487950724 edwardzuniga/holbertonschool-higher_level_programming 2022-08-17T15:51:05Z
[2024-04-08T11:48:07.274+0000] {logging_mixin.py:188} INFO - Error inserting into actor table: relation "actor" does not exist
LINE 2:                         INSERT INTO actor (
                                            ^
[2024-04-08T11:48:07.274+0000] {logging_mixin.py:188} INFO - Error inserting into org table: 'org'
[2024-04-08T11:48:07.276+0000] {logging_mixin.py:188} INFO - Error inserting into repo table: current transaction is aborted, commands ignored until end of transaction block
[2024-04-08T11:48:07.276+0000] {logging_mixin.py:188} INFO - Error inserting into payload table: current transaction is aborted, commands ignored until end of transaction block
[2024-04-08T11:48:07.277+0000] {logging_mixin.py:188} INFO - Error inserting into event table: current transaction is aborted, commands ignored until end of transaction block
[2024-04-08T11:48:07.277+0000] {logging_mixin.py:188} INFO - 23487929597 IssueCommentEvent 32714304 0xcadams 432870871 livepeer/explorer 2022-08-17T15:51:05Z
[2024-04-08T11:48:07.277+0000] {logging_mixin.py:188} INFO - Error inserting into actor table: relation "actor" does not exist
LINE 2:                         INSERT INTO actor (
                                            ^
[2024-04-08T11:48:07.279+0000] {logging_mixin.py:188} INFO - Error inserting into org table: current transaction is aborted, commands ignored until end of transaction block
[2024-04-08T11:48:07.279+0000] {logging_mixin.py:188} INFO - Error inserting into repo table: current transaction is aborted, commands ignored until end of transaction block
[2024-04-08T11:48:07.280+0000] {logging_mixin.py:188} INFO - Error inserting into payload table: 'push_id'
[2024-04-08T11:48:07.280+0000] {logging_mixin.py:188} INFO - Error inserting into event table: 'push_id'
[2024-04-08T11:48:07.280+0000] {logging_mixin.py:188} INFO - 23487929522 ReleaseEvent 41898282 github-actions[bot] 523780252 tiller1010/silverstripe-spam-module 2022-08-17T15:51:05Z
[2024-04-08T11:48:07.281+0000] {logging_mixin.py:188} INFO - Error inserting into actor table: relation "actor" does not exist
LINE 2:                         INSERT INTO actor (
                                            ^
[2024-04-08T11:48:07.281+0000] {logging_mixin.py:188} INFO - Error inserting into org table: 'org'
[2024-04-08T11:48:07.281+0000] {logging_mixin.py:188} INFO - Error inserting into repo table: current transaction is aborted, commands ignored until end of transaction block
[2024-04-08T11:48:07.281+0000] {logging_mixin.py:188} INFO - Error inserting into payload table: 'push_id'
[2024-04-08T11:48:07.282+0000] {logging_mixin.py:188} INFO - Error inserting into event table: 'push_id'
[2024-04-08T11:48:07.282+0000] {logging_mixin.py:188} INFO - 23487929560 PushEvent 111369888 Mahalderk 525845966 Mahalderk/CV 2022-08-17T15:51:05Z
[2024-04-08T11:48:07.283+0000] {logging_mixin.py:188} INFO - Error inserting into actor table: relation "actor" does not exist
LINE 2:                         INSERT INTO actor (
                                            ^
[2024-04-08T11:48:07.284+0000] {logging_mixin.py:188} INFO - Error inserting into org table: 'org'
[2024-04-08T11:48:07.285+0000] {logging_mixin.py:188} INFO - Error inserting into repo table: current transaction is aborted, commands ignored until end of transaction block
[2024-04-08T11:48:07.285+0000] {logging_mixin.py:188} INFO - Error inserting into payload table: current transaction is aborted, commands ignored until end of transaction block
[2024-04-08T11:48:07.286+0000] {logging_mixin.py:188} INFO - Error inserting into event table: current transaction is aborted, commands ignored until end of transaction block
[2024-04-08T11:48:07.288+0000] {logging_mixin.py:188} INFO - 23487929536 PushEvent 5146167 markbush 522475355 markbush/Smalltalk-80-CompilerLib 2022-08-17T15:51:05Z
[2024-04-08T11:48:07.288+0000] {logging_mixin.py:188} INFO - Error inserting into actor table: relation "actor" does not exist
LINE 2:                         INSERT INTO actor (
                                            ^
[2024-04-08T11:48:07.289+0000] {logging_mixin.py:188} INFO - Error inserting into org table: 'org'
[2024-04-08T11:48:07.289+0000] {logging_mixin.py:188} INFO - Error inserting into repo table: current transaction is aborted, commands ignored until end of transaction block
[2024-04-08T11:48:07.289+0000] {logging_mixin.py:188} INFO - Error inserting into payload table: current transaction is aborted, commands ignored until end of transaction block
[2024-04-08T11:48:07.290+0000] {logging_mixin.py:188} INFO - Error inserting into event table: current transaction is aborted, commands ignored until end of transaction block
[2024-04-08T11:48:07.290+0000] {logging_mixin.py:188} INFO - 23487929501 DeleteEvent 34882892 balena-ci 280075452 product-os/jellyfish-worker 2022-08-17T15:51:05Z
[2024-04-08T11:48:07.292+0000] {logging_mixin.py:188} INFO - Error inserting into actor table: relation "actor" does not exist
LINE 2:                         INSERT INTO actor (
                                            ^
[2024-04-08T11:48:07.293+0000] {logging_mixin.py:188} INFO - Error inserting into org table: current transaction is aborted, commands ignored until end of transaction block
[2024-04-08T11:48:07.294+0000] {logging_mixin.py:188} INFO - Error inserting into repo table: current transaction is aborted, commands ignored until end of transaction block
[2024-04-08T11:48:07.294+0000] {logging_mixin.py:188} INFO - Error inserting into payload table: 'push_id'
[2024-04-08T11:48:07.294+0000] {logging_mixin.py:188} INFO - Error inserting into event table: 'push_id'
[2024-04-08T11:48:07.295+0000] {logging_mixin.py:188} INFO - 23487929523 PushEvent 12437240 chengzhong001 524300625 chengzhong001/cpp-examples 2022-08-17T15:51:05Z
[2024-04-08T11:48:07.295+0000] {logging_mixin.py:188} INFO - Error inserting into actor table: relation "actor" does not exist
LINE 2:                         INSERT INTO actor (
                                            ^
[2024-04-08T11:48:07.296+0000] {logging_mixin.py:188} INFO - Error inserting into org table: 'org'
[2024-04-08T11:48:07.297+0000] {logging_mixin.py:188} INFO - Error inserting into repo table: current transaction is aborted, commands ignored until end of transaction block
[2024-04-08T11:48:07.297+0000] {logging_mixin.py:188} INFO - Error inserting into payload table: current transaction is aborted, commands ignored until end of transaction block
[2024-04-08T11:48:07.298+0000] {logging_mixin.py:188} INFO - Error inserting into event table: current transaction is aborted, commands ignored until end of transaction block
[2024-04-08T11:48:07.298+0000] {logging_mixin.py:188} INFO - 23487929494 PushEvent 39814207 pull[bot] 502695999 kybru91/vscode-languageserver-node 2022-08-17T15:51:05Z
[2024-04-08T11:48:07.300+0000] {logging_mixin.py:188} INFO - Error inserting into actor table: relation "actor" does not exist
LINE 2:                         INSERT INTO actor (
                                            ^
[2024-04-08T11:48:07.300+0000] {logging_mixin.py:188} INFO - Error inserting into org table: 'org'
[2024-04-08T11:48:07.301+0000] {logging_mixin.py:188} INFO - Error inserting into repo table: current transaction is aborted, commands ignored until end of transaction block
[2024-04-08T11:48:07.301+0000] {logging_mixin.py:188} INFO - Error inserting into payload table: current transaction is aborted, commands ignored until end of transaction block
[2024-04-08T11:48:07.303+0000] {logging_mixin.py:188} INFO - Error inserting into event table: current transaction is aborted, commands ignored until end of transaction block
[2024-04-08T11:48:07.303+0000] {logging_mixin.py:188} INFO - 23487929532 PushEvent 75855221 fathozt 381424857 fathozt/MyProject 2022-08-17T15:51:05Z
[2024-04-08T11:48:07.304+0000] {logging_mixin.py:188} INFO - Error inserting into actor table: relation "actor" does not exist
LINE 2:                         INSERT INTO actor (
                                            ^
[2024-04-08T11:48:07.304+0000] {logging_mixin.py:188} INFO - Error inserting into org table: 'org'
[2024-04-08T11:48:07.305+0000] {logging_mixin.py:188} INFO - Error inserting into repo table: current transaction is aborted, commands ignored until end of transaction block
[2024-04-08T11:48:07.305+0000] {logging_mixin.py:188} INFO - Error inserting into payload table: current transaction is aborted, commands ignored until end of transaction block
[2024-04-08T11:48:07.306+0000] {logging_mixin.py:188} INFO - Error inserting into event table: current transaction is aborted, commands ignored until end of transaction block
[2024-04-08T11:48:07.307+0000] {logging_mixin.py:188} INFO - 23487929508 CreateEvent 90800936 ibrahimalangri 525860418 ibrahimalangri/KUn 2022-08-17T15:51:05Z
[2024-04-08T11:48:07.308+0000] {logging_mixin.py:188} INFO - Error inserting into actor table: relation "actor" does not exist
LINE 2:                         INSERT INTO actor (
                                            ^
[2024-04-08T11:48:07.308+0000] {logging_mixin.py:188} INFO - Error inserting into org table: 'org'
[2024-04-08T11:48:07.308+0000] {logging_mixin.py:188} INFO - Error inserting into repo table: current transaction is aborted, commands ignored until end of transaction block
[2024-04-08T11:48:07.309+0000] {logging_mixin.py:188} INFO - Error inserting into payload table: 'push_id'
[2024-04-08T11:48:07.309+0000] {logging_mixin.py:188} INFO - Error inserting into event table: 'push_id'
[2024-04-08T11:48:07.309+0000] {logging_mixin.py:188} INFO - 23487929447 PushEvent 102809970 InonAngel98 507821009 web-application-app/gigosRate 2022-08-17T15:51:05Z
[2024-04-08T11:48:07.311+0000] {logging_mixin.py:188} INFO - Error inserting into actor table: relation "actor" does not exist
LINE 2:                         INSERT INTO actor (
                                            ^
[2024-04-08T11:48:07.313+0000] {logging_mixin.py:188} INFO - Error inserting into org table: current transaction is aborted, commands ignored until end of transaction block
[2024-04-08T11:48:07.314+0000] {logging_mixin.py:188} INFO - Error inserting into repo table: current transaction is aborted, commands ignored until end of transaction block
[2024-04-08T11:48:07.314+0000] {logging_mixin.py:188} INFO - Error inserting into payload table: current transaction is aborted, commands ignored until end of transaction block
[2024-04-08T11:48:07.315+0000] {logging_mixin.py:188} INFO - Error inserting into event table: current transaction is aborted, commands ignored until end of transaction block
[2024-04-08T11:48:07.315+0000] {logging_mixin.py:188} INFO - 23487929496 DeleteEvent 111434456 DmytroKova 525800293 DmytroKova/TUTORIAL 2022-08-17T15:51:05Z
[2024-04-08T11:48:07.315+0000] {logging_mixin.py:188} INFO - Error inserting into actor table: relation "actor" does not exist
LINE 2:                         INSERT INTO actor (
                                            ^
[2024-04-08T11:48:07.316+0000] {logging_mixin.py:188} INFO - Error inserting into org table: 'org'
[2024-04-08T11:48:07.316+0000] {logging_mixin.py:188} INFO - Error inserting into repo table: current transaction is aborted, commands ignored until end of transaction block
[2024-04-08T11:48:07.316+0000] {logging_mixin.py:188} INFO - Error inserting into payload table: 'push_id'
[2024-04-08T11:48:07.317+0000] {logging_mixin.py:188} INFO - Error inserting into event table: 'push_id'
[2024-04-08T11:48:07.317+0000] {logging_mixin.py:188} INFO - 23487929420 PushEvent 5981249 brianway 55965971 brianway/algorithms-learning 2022-08-17T15:51:05Z
[2024-04-08T11:48:07.317+0000] {logging_mixin.py:188} INFO - Error inserting into actor table: relation "actor" does not exist
LINE 2:                         INSERT INTO actor (
                                            ^
[2024-04-08T11:48:07.318+0000] {logging_mixin.py:188} INFO - Error inserting into org table: 'org'
[2024-04-08T11:48:07.318+0000] {logging_mixin.py:188} INFO - Error inserting into repo table: current transaction is aborted, commands ignored until end of transaction block
[2024-04-08T11:48:07.318+0000] {logging_mixin.py:188} INFO - Error inserting into payload table: current transaction is aborted, commands ignored until end of transaction block
[2024-04-08T11:48:07.319+0000] {logging_mixin.py:188} INFO - Error inserting into event table: current transaction is aborted, commands ignored until end of transaction block
[2024-04-08T11:48:07.321+0000] {logging_mixin.py:188} INFO - 23487929439 PushEvent 41898282 github-actions[bot] 266811533 wizche/lema-observatory 2022-08-17T15:51:05Z
[2024-04-08T11:48:07.322+0000] {logging_mixin.py:188} INFO - Error inserting into actor table: relation "actor" does not exist
LINE 2:                         INSERT INTO actor (
                                            ^
[2024-04-08T11:48:07.322+0000] {logging_mixin.py:188} INFO - Error inserting into org table: 'org'
[2024-04-08T11:48:07.322+0000] {logging_mixin.py:188} INFO - Error inserting into repo table: current transaction is aborted, commands ignored until end of transaction block
[2024-04-08T11:48:07.323+0000] {logging_mixin.py:188} INFO - Error inserting into payload table: current transaction is aborted, commands ignored until end of transaction block
[2024-04-08T11:48:07.324+0000] {logging_mixin.py:188} INFO - Error inserting into event table: current transaction is aborted, commands ignored until end of transaction block
[2024-04-08T11:48:07.324+0000] {logging_mixin.py:188} INFO - 23487929452 PushEvent 23216921 adamsorbie 406699027 adamsorbie/Stroke_Microbiota_reproducibility 2022-08-17T15:51:05Z
[2024-04-08T11:48:07.324+0000] {logging_mixin.py:188} INFO - Error inserting into actor table: relation "actor" does not exist
LINE 2:                         INSERT INTO actor (
                                            ^
[2024-04-08T11:48:07.325+0000] {logging_mixin.py:188} INFO - Error inserting into org table: 'org'
[2024-04-08T11:48:07.325+0000] {logging_mixin.py:188} INFO - Error inserting into repo table: current transaction is aborted, commands ignored until end of transaction block
[2024-04-08T11:48:07.326+0000] {logging_mixin.py:188} INFO - Error inserting into payload table: current transaction is aborted, commands ignored until end of transaction block
[2024-04-08T11:48:07.326+0000] {logging_mixin.py:188} INFO - Error inserting into event table: current transaction is aborted, commands ignored until end of transaction block
[2024-04-08T11:48:07.326+0000] {logging_mixin.py:188} INFO - 23487929428 IssuesEvent 21071133 justbecoder 501154542 justbecoder/react-router-middleware-plus 2022-08-17T15:51:05Z
[2024-04-08T11:48:07.327+0000] {logging_mixin.py:188} INFO - Error inserting into actor table: relation "actor" does not exist
LINE 2:                         INSERT INTO actor (
                                            ^
[2024-04-08T11:48:07.327+0000] {logging_mixin.py:188} INFO - Error inserting into org table: 'org'
[2024-04-08T11:48:07.327+0000] {logging_mixin.py:188} INFO - Error inserting into repo table: current transaction is aborted, commands ignored until end of transaction block
[2024-04-08T11:48:07.328+0000] {logging_mixin.py:188} INFO - Error inserting into payload table: 'push_id'
[2024-04-08T11:48:07.328+0000] {logging_mixin.py:188} INFO - Error inserting into event table: 'push_id'
[2024-04-08T11:48:07.329+0000] {logging_mixin.py:188} INFO - 23487929425 IssueCommentEvent 28898909 dislbenn 239809522 stolostron/search-e2e-test 2022-08-17T15:51:05Z
[2024-04-08T11:48:07.329+0000] {logging_mixin.py:188} INFO - Error inserting into actor table: relation "actor" does not exist
LINE 2:                         INSERT INTO actor (
                                            ^
[2024-04-08T11:48:07.330+0000] {logging_mixin.py:188} INFO - Error inserting into org table: current transaction is aborted, commands ignored until end of transaction block
[2024-04-08T11:48:07.331+0000] {logging_mixin.py:188} INFO - Error inserting into repo table: current transaction is aborted, commands ignored until end of transaction block
[2024-04-08T11:48:07.331+0000] {logging_mixin.py:188} INFO - Error inserting into payload table: 'push_id'
[2024-04-08T11:48:07.331+0000] {logging_mixin.py:188} INFO - Error inserting into event table: 'push_id'
[2024-04-08T11:48:07.332+0000] {python.py:202} INFO - Done. Returned value was: None
[2024-04-08T11:48:07.344+0000] {taskinstance.py:1149} INFO - Marking task as SUCCESS. dag_id=etl, task_id=process, execution_date=20240408T105312, start_date=20240408T114806, end_date=20240408T114807
[2024-04-08T11:48:07.376+0000] {local_task_job_runner.py:234} INFO - Task exited with return code 0
[2024-04-08T11:48:07.391+0000] {taskinstance.py:3312} INFO - 0 downstream tasks scheduled from follow-on schedule check
